<?xml version="1.0" encoding="UTF-8"?>
<!DOCTYPE beans PUBLIC "-//SPRING//DTD BEAN//EN" "http://www.springframework.org/dtd/spring-beans.dtd">
<beans>

   <bean class="org.springframework.web.servlet.handler.SimpleUrlHandlerMapping">
      <property name="urlMap">
         <map>
            <entry key="/setupData" value-ref="dataSetupController" />
         </map>
      </property>
   </bean>
   
	<bean id="dataSetupController" class="integrationtest.p13n.ds.DSDataSetupController" 
		autowire="byType">
	</bean>
	
</beans>
